Flow report for DE10_NANO
Thu Dec 09 05:24:35 2021
Quartus Prime Version 20.1.1 Build 720 11/11/2020 Patches 1.08std,1.02i SJ Standard Edition


---------------------
; Table of Contents ;
---------------------
  1. Legal Notice
  2. Flow Summary
  3. Flow Settings
  4. Flow Non-Default Global Settings
  5. Flow Elapsed Time
  6. Flow OS Summary
  7. Flow Log
  8. Flow Messages
  9. Flow Suppressed Messages



----------------
; Legal Notice ;
----------------
Copyright (C) 2020  Intel Corporation. All rights reserved.
Your use of Intel Corporation's design tools, logic functions 
and other software and tools, and any partner logic 
functions, and any output files from any of the foregoing 
(including device programming or simulation files), and any 
associated documentation or information are expressly subject 
to the terms and conditions of the Intel Program License 
Subscription Agreement, the Intel Quartus Prime License Agreement,
the Intel FPGA IP License Agreement, or other applicable license
agreement, including, without limitation, that your use is for
the sole purpose of programming logic devices manufactured by
Intel and sold by Intel or its authorized distributors.  Please
refer to the applicable agreement for further details, at
https://fpgasoftware.intel.com/eula.



+---------------------------------------------------------------------------------------------------------+
; Flow Summary                                                                                            ;
+---------------------------------+-----------------------------------------------------------------------+
; Flow Status                     ; Successful - Thu Dec 09 05:24:35 2021                                 ;
; Quartus Prime Version           ; 20.1.1 Build 720 11/11/2020 Patches 1.08std,1.02i SJ Standard Edition ;
; Revision Name                   ; DE10_NANO                                                             ;
; Top-level Entity Name           ; DE10_NANO                                                             ;
; Family                          ; Cyclone V                                                             ;
; Device                          ; 5CSEBA6U23I7                                                          ;
; Timing Models                   ; Final                                                                 ;
; Logic utilization (in ALMs)     ; 3,206 / 41,910 ( 8 % )                                                ;
; Total registers                 ; 5046                                                                  ;
; Total pins                      ; 21 / 314 ( 7 % )                                                      ;
; Total virtual pins              ; 0                                                                     ;
; Total block memory bits         ; 1,065,600 / 5,662,720 ( 19 % )                                        ;
; Total DSP Blocks                ; 0 / 112 ( 0 % )                                                       ;
; Total HSSI RX PCSs              ; 0                                                                     ;
; Total HSSI PMA RX Deserializers ; 0                                                                     ;
; Total HSSI TX PCSs              ; 0                                                                     ;
; Total HSSI PMA TX Serializers   ; 0                                                                     ;
; Total PLLs                      ; 1 / 6 ( 17 % )                                                        ;
; Total DLLs                      ; 0 / 4 ( 0 % )                                                         ;
+---------------------------------+-----------------------------------------------------------------------+


+-----------------------------------------+
; Flow Settings                           ;
+-------------------+---------------------+
; Option            ; Setting             ;
+-------------------+---------------------+
; Start date & time ; 12/09/2021 05:13:45 ;
; Main task         ; Compilation         ;
; Revision Name     ; DE10_NANO           ;
+-------------------+---------------------+


+-------------------------------------------------------------------------------------------------------------------------------------------------------------------------------------------------------------------------------------------------------------------------------------------------------------------------------------------------------------------------------------------------------------------------------------------------------------------------------------------------------+
; Flow Non-Default Global Settings                                                                                                                                                                                                                                                                                                                                                                                                                                                                      ;
+--------------------------------------+-----------------------------------------------------------------------------------------------------------------------------------------------------------------------------------------------------------------------------------------------------------------------------------------------------------------------------------------------------------------------+--------------------------------------+-------------+-----------------------------------+
; Assignment Name                      ; Value                                                                                                                                                                                                                                                                                                                                                                 ; Default Value                        ; Entity Name ; Section Id                        ;
+--------------------------------------+-----------------------------------------------------------------------------------------------------------------------------------------------------------------------------------------------------------------------------------------------------------------------------------------------------------------------------------------------------------------------+--------------------------------------+-------------+-----------------------------------+
; COMPILER_SIGNATURE_ID                ; 91756757336.163904482508324                                                                                                                                                                                                                                                                                                                                           ; --                                   ; --          ; --                                ;
; EDA_GENERATE_FUNCTIONAL_NETLIST      ; Off                                                                                                                                                                                                                                                                                                                                                                   ; --                                   ; --          ; eda_board_design_timing           ;
; EDA_GENERATE_FUNCTIONAL_NETLIST      ; Off                                                                                                                                                                                                                                                                                                                                                                   ; --                                   ; --          ; eda_board_design_boundary_scan    ;
; EDA_GENERATE_FUNCTIONAL_NETLIST      ; Off                                                                                                                                                                                                                                                                                                                                                                   ; --                                   ; --          ; eda_board_design_signal_integrity ;
; EDA_GENERATE_FUNCTIONAL_NETLIST      ; Off                                                                                                                                                                                                                                                                                                                                                                   ; --                                   ; --          ; eda_board_design_symbol           ;
; EDA_OUTPUT_DATA_FORMAT               ; Vhdl                                                                                                                                                                                                                                                                                                                                                                  ; --                                   ; --          ; eda_simulation                    ;
; EDA_SIMULATION_TOOL                  ; Riviera-PRO (VHDL)                                                                                                                                                                                                                                                                                                                                                    ; <None>                               ; --          ; --                                ;
; EDA_TIME_SCALE                       ; 1 ps                                                                                                                                                                                                                                                                                                                                                                  ; --                                   ; --          ; eda_simulation                    ;
; ENABLE_SIGNALTAP                     ; On                                                                                                                                                                                                                                                                                                                                                                    ; --                                   ; --          ; --                                ;
; FITTER_EFFORT                        ; Standard Fit                                                                                                                                                                                                                                                                                                                                                          ; Auto Fit                             ; --          ; --                                ;
; FLOW_ENABLE_RTL_VIEWER               ; On                                                                                                                                                                                                                                                                                                                                                                    ; Off                                  ; --          ; --                                ;
; MAX_CORE_JUNCTION_TEMP               ; 100                                                                                                                                                                                                                                                                                                                                                                   ; --                                   ; --          ; --                                ;
; MIN_CORE_JUNCTION_TEMP               ; -40                                                                                                                                                                                                                                                                                                                                                                   ; --                                   ; --          ; --                                ;
; MISC_FILE                            ; ../ip/main_pll.cmp                                                                                                                                                                                                                                                                                                                                                    ; --                                   ; --          ; --                                ;
; NUM_PARALLEL_PROCESSORS              ; All                                                                                                                                                                                                                                                                                                                                                                   ; --                                   ; --          ; --                                ;
; OPTIMIZATION_MODE                    ; High Performance Effort                                                                                                                                                                                                                                                                                                                                               ; Balanced                             ; --          ; --                                ;
; PARTITION_COLOR                      ; -- (Not supported for targeted family)                                                                                                                                                                                                                                                                                                                                ; --                                   ; --          ; Top                               ;
; PARTITION_FITTER_PRESERVATION_LEVEL  ; -- (Not supported for targeted family)                                                                                                                                                                                                                                                                                                                                ; --                                   ; --          ; Top                               ;
; PARTITION_NETLIST_TYPE               ; -- (Not supported for targeted family)                                                                                                                                                                                                                                                                                                                                ; --                                   ; --          ; Top                               ;
; PHYSICAL_SYNTHESIS_COMBO_LOGIC       ; On                                                                                                                                                                                                                                                                                                                                                                    ; Off                                  ; --          ; --                                ;
; PHYSICAL_SYNTHESIS_REGISTER_RETIMING ; On                                                                                                                                                                                                                                                                                                                                                                    ; Off                                  ; --          ; --                                ;
; PLACEMENT_EFFORT_MULTIPLIER          ; 4.0                                                                                                                                                                                                                                                                                                                                                                   ; 1.0                                  ; --          ; --                                ;
; POWER_BOARD_THERMAL_MODEL            ; None (CONSERVATIVE)                                                                                                                                                                                                                                                                                                                                                   ; --                                   ; --          ; --                                ;
; POWER_PRESET_COOLING_SOLUTION        ; 23 MM HEAT SINK WITH 200 LFPM AIRFLOW                                                                                                                                                                                                                                                                                                                                 ; --                                   ; --          ; --                                ;
; PROJECT_IP_REGENERATION_POLICY       ; ALWAYS_REGENERATE_IP                                                                                                                                                                                                                                                                                                                                                  ; SKIP_REGENERATING_IP_IF_HDL_MODIFIED ; --          ; --                                ;
; ROUTER_TIMING_OPTIMIZATION_LEVEL     ; MAXIMUM                                                                                                                                                                                                                                                                                                                                                               ; Normal                               ; --          ; --                                ;
; SEARCH_PATH                          ; software/nios_monitor/mem_init/                                                                                                                                                                                                                                                                                                                                       ; --                                   ; --          ; --                                ;
; SLD_FILE                             ; db/SignalTap_SinewaveVerify_auto_stripped.stp                                                                                                                                                                                                                                                                                                                         ; --                                   ; --          ; --                                ;
; SLD_NODE_CREATOR_ID                  ; 110                                                                                                                                                                                                                                                                                                                                                                   ; --                                   ; --          ; auto_signaltap_0                  ;
; SLD_NODE_ENTITY_NAME                 ; sld_signaltap                                                                                                                                                                                                                                                                                                                                                         ; --                                   ; --          ; auto_signaltap_0                  ;
; SLD_NODE_PARAMETER_ASSIGNMENT        ; SLD_RAM_BLOCK_TYPE=AUTO                                                                                                                                                                                                                                                                                                                                               ; --                                   ; --          ; auto_signaltap_0                  ;
; SLD_NODE_PARAMETER_ASSIGNMENT        ; SLD_NODE_INFO=805334528                                                                                                                                                                                                                                                                                                                                               ; --                                   ; --          ; auto_signaltap_0                  ;
; SLD_NODE_PARAMETER_ASSIGNMENT        ; SLD_POWER_UP_TRIGGER=0                                                                                                                                                                                                                                                                                                                                                ; --                                   ; --          ; auto_signaltap_0                  ;
; SLD_NODE_PARAMETER_ASSIGNMENT        ; SLD_STORAGE_QUALIFIER_INVERSION_MASK_LENGTH=0                                                                                                                                                                                                                                                                                                                         ; --                                   ; --          ; auto_signaltap_0                  ;
; SLD_NODE_PARAMETER_ASSIGNMENT        ; SLD_ATTRIBUTE_MEM_MODE=OFF                                                                                                                                                                                                                                                                                                                                            ; --                                   ; --          ; auto_signaltap_0                  ;
; SLD_NODE_PARAMETER_ASSIGNMENT        ; SLD_STATE_FLOW_USE_GENERATED=0                                                                                                                                                                                                                                                                                                                                        ; --                                   ; --          ; auto_signaltap_0                  ;
; SLD_NODE_PARAMETER_ASSIGNMENT        ; SLD_STATE_BITS=11                                                                                                                                                                                                                                                                                                                                                     ; --                                   ; --          ; auto_signaltap_0                  ;
; SLD_NODE_PARAMETER_ASSIGNMENT        ; SLD_BUFFER_FULL_STOP=1                                                                                                                                                                                                                                                                                                                                                ; --                                   ; --          ; auto_signaltap_0                  ;
; SLD_NODE_PARAMETER_ASSIGNMENT        ; SLD_CURRENT_RESOURCE_WIDTH=1                                                                                                                                                                                                                                                                                                                                          ; --                                   ; --          ; auto_signaltap_0                  ;
; SLD_NODE_PARAMETER_ASSIGNMENT        ; SLD_INCREMENTAL_ROUTING=1                                                                                                                                                                                                                                                                                                                                             ; --                                   ; --          ; auto_signaltap_0                  ;
; SLD_NODE_PARAMETER_ASSIGNMENT        ; SLD_TRIGGER_LEVEL=1                                                                                                                                                                                                                                                                                                                                                   ; --                                   ; --          ; auto_signaltap_0                  ;
; SLD_NODE_PARAMETER_ASSIGNMENT        ; SLD_TRIGGER_IN_ENABLED=0                                                                                                                                                                                                                                                                                                                                              ; --                                   ; --          ; auto_signaltap_0                  ;
; SLD_NODE_PARAMETER_ASSIGNMENT        ; SLD_TRIGGER_PIPELINE=0                                                                                                                                                                                                                                                                                                                                                ; --                                   ; --          ; auto_signaltap_0                  ;
; SLD_NODE_PARAMETER_ASSIGNMENT        ; SLD_RAM_PIPELINE=0                                                                                                                                                                                                                                                                                                                                                    ; --                                   ; --          ; auto_signaltap_0                  ;
; SLD_NODE_PARAMETER_ASSIGNMENT        ; SLD_COUNTER_PIPELINE=0                                                                                                                                                                                                                                                                                                                                                ; --                                   ; --          ; auto_signaltap_0                  ;
; SLD_NODE_PARAMETER_ASSIGNMENT        ; SLD_ADVANCED_TRIGGER_ENTITY=basic,1,                                                                                                                                                                                                                                                                                                                                  ; --                                   ; --          ; auto_signaltap_0                  ;
; SLD_NODE_PARAMETER_ASSIGNMENT        ; SLD_TRIGGER_LEVEL_PIPELINE=1                                                                                                                                                                                                                                                                                                                                          ; --                                   ; --          ; auto_signaltap_0                  ;
; SLD_NODE_PARAMETER_ASSIGNMENT        ; SLD_ENABLE_ADVANCED_TRIGGER=0                                                                                                                                                                                                                                                                                                                                         ; --                                   ; --          ; auto_signaltap_0                  ;
; SLD_NODE_PARAMETER_ASSIGNMENT        ; SLD_DATA_BITS=106                                                                                                                                                                                                                                                                                                                                                     ; --                                   ; --          ; auto_signaltap_0                  ;
; SLD_NODE_PARAMETER_ASSIGNMENT        ; SLD_TRIGGER_BITS=106                                                                                                                                                                                                                                                                                                                                                  ; --                                   ; --          ; auto_signaltap_0                  ;
; SLD_NODE_PARAMETER_ASSIGNMENT        ; SLD_STORAGE_QUALIFIER_BITS=106                                                                                                                                                                                                                                                                                                                                        ; --                                   ; --          ; auto_signaltap_0                  ;
; SLD_NODE_PARAMETER_ASSIGNMENT        ; SLD_INVERSION_MASK=00000000000000000000000000000000000000000000000000000000000000000000000000000000000000000000000000000000000000000000000000000000000000000000000000000000000000000000000000000000000000000000000000000000000000000000000000000000000000000000000000000000000000000000000000000000000000000000000000000000000000000000000000000000000000000000000000 ; --                                   ; --          ; auto_signaltap_0                  ;
; SLD_NODE_PARAMETER_ASSIGNMENT        ; SLD_INVERSION_MASK_LENGTH=338                                                                                                                                                                                                                                                                                                                                         ; --                                   ; --          ; auto_signaltap_0                  ;
; SLD_NODE_PARAMETER_ASSIGNMENT        ; SLD_SEGMENT_SIZE=64                                                                                                                                                                                                                                                                                                                                                   ; --                                   ; --          ; auto_signaltap_0                  ;
; SLD_NODE_PARAMETER_ASSIGNMENT        ; SLD_SAMPLE_DEPTH=64                                                                                                                                                                                                                                                                                                                                                   ; --                                   ; --          ; auto_signaltap_0                  ;
; SYNTHESIS_ONLY_QIP                   ; On                                                                                                                                                                                                                                                                                                                                                                    ; --                                   ; --          ; --                                ;
; USE_SIGNALTAP_FILE                   ; SignalTap_SinewaveVerify.stp                                                                                                                                                                                                                                                                                                                                          ; --                                   ; --          ; --                                ;
; VERILOG_INPUT_VERSION                ; SystemVerilog_2005                                                                                                                                                                                                                                                                                                                                                    ; Verilog_2001                         ; --          ; --                                ;
; VERILOG_SHOW_LMF_MAPPING_MESSAGES    ; Off                                                                                                                                                                                                                                                                                                                                                                   ; --                                   ; --          ; --                                ;
; VHDL_INPUT_VERSION                   ; VHDL_2008                                                                                                                                                                                                                                                                                                                                                             ; VHDL_1993                            ; --          ; --                                ;
; VHDL_SHOW_LMF_MAPPING_MESSAGES       ; Off                                                                                                                                                                                                                                                                                                                                                                   ; --                                   ; --          ; --                                ;
+--------------------------------------+-----------------------------------------------------------------------------------------------------------------------------------------------------------------------------------------------------------------------------------------------------------------------------------------------------------------------------------------------------------------------+--------------------------------------+-------------+-----------------------------------+


+--------------------------------------------------------------------------------------------------------------------------+
; Flow Elapsed Time                                                                                                        ;
+----------------------+--------------+-------------------------+---------------------+------------------------------------+
; Module Name          ; Elapsed Time ; Average Processors Used ; Peak Virtual Memory ; Total CPU Time (on all processors) ;
+----------------------+--------------+-------------------------+---------------------+------------------------------------+
; Analysis & Synthesis ; 00:03:58     ; 1.6                     ; 5320 MB             ; 00:06:11                           ;
; Fitter               ; 00:06:46     ; 1.2                     ; 8065 MB             ; 00:41:49                           ;
; Total                ; 00:10:44     ; --                      ; --                  ; 00:48:00                           ;
+----------------------+--------------+-------------------------+---------------------+------------------------------------+


+------------------------------------------------------------------------------------+
; Flow OS Summary                                                                    ;
+----------------------+------------------+------------+------------+----------------+
; Module Name          ; Machine Hostname ; OS Name    ; OS Version ; Processor type ;
+----------------------+------------------+------------+------------+----------------+
; Analysis & Synthesis ; DESKTOP-MT23CJO  ; Windows 10 ; 10.0       ; x86_64         ;
; Fitter               ; DESKTOP-MT23CJO  ; Windows 10 ; 10.0       ; x86_64         ;
+----------------------+------------------+------------+------------+----------------+


------------
; Flow Log ;
------------
quartus_map --read_settings_files=on --write_settings_files=off DE10_NANO -c DE10_NANO
quartus_fit --read_settings_files=off --write_settings_files=off DE10_NANO -c DE10_NANO



